3/22/2024 5:19:00 AM
GlazeWM.Infrastructure.Exceptions.FatalUserException: Failed to parse user config. (Line: 97, Col: 4, Idx: 2679) - (Line: 97, Col: 4, Idx: 2679): While parsing a block collection, did not find expected '-' indicator.
   at GlazeWM.Domain.UserConfigs.CommandHandlers.EvaluateUserConfigHandler.DeserializeUserConfig(String userConfigPath) in D:\a\glazewm\glazewm\GlazeWM.Domain\UserConfigs\CommandHandlers\EvaluateUserConfigHandler.cs:line 109
   at GlazeWM.Domain.UserConfigs.CommandHandlers.EvaluateUserConfigHandler.Handle(EvaluateUserConfigCommand command) in D:\a\glazewm\glazewm\GlazeWM.Domain\UserConfigs\CommandHandlers\EvaluateUserConfigHandler.cs:line 49
   at GlazeWM.Infrastructure.Bussing.Bus.Invoke[T](T command) in D:\a\glazewm\glazewm\GlazeWM.Infrastructure\Bussing\Bus.cs:line 48
   at GlazeWM.Domain.UserConfigs.CommandHandlers.ReloadUserConfigHandler.Handle(ReloadUserConfigCommand command) in D:\a\glazewm\glazewm\GlazeWM.Domain\UserConfigs\CommandHandlers\ReloadUserConfigHandler.cs:line 35
   at GlazeWM.Infrastructure.Bussing.Bus.Invoke[T](T command) in D:\a\glazewm\glazewm\GlazeWM.Infrastructure\Bussing\Bus.cs:line 48
   at CallSite.Target(Closure, CallSite, Bus, Object)
   at System.Dynamic.UpdateDelegates.UpdateAndExecuteVoid2[T0,T1](CallSite site, T0 arg0, T1 arg1)
   at GlazeWM.Domain.UserConfigs.CommandHandlers.RunWithSubjectContainerHandler.Handle(RunWithSubjectContainerCommand command) in D:\a\glazewm\glazewm\GlazeWM.Domain\UserConfigs\CommandHandlers\RunWithSubjectContainerHandler.cs:line 53
   at GlazeWM.Infrastructure.Bussing.Bus.Invoke[T](T command) in D:\a\glazewm\glazewm\GlazeWM.Infrastructure\Bussing\Bus.cs:line 48
   at GlazeWM.Domain.UserConfigs.CommandHandlers.RegisterKeybindingsHandler.<>c__DisplayClass4_0.<Handle>b__1() in D:\a\glazewm\glazewm\GlazeWM.Domain\UserConfigs\CommandHandlers\RegisterKeybindingsHandler.cs:line 55
Command history: HandleFatalExceptionCommand, EvaluateUserConfigCommand, ReloadUserConfigCommand, RunWithSubjectContainerCommand, SetActiveWindowBorderCommand, SetFocusedDescendantCommand, SetActiveWindowBorderCommand, SetFocusedDescendantCommand, SetActiveWindowBorderCommand, SetFocusedDescendantCommand, RedrawContainersCommand, ReplaceContainerCommand, SyncNativeFocusCommand, SetActiveWindowBorderCommand, SyncNativeFocusCommand 
State dump: {"id":"829e4218-fc14-48f9-ae4b-47da64b5015c","x":0,"y":0,"width":0,"height":0,"type":"root","focus_index":0,"children":[{"device_name":"\\\\.\\DISPLAY1","id":"c9dfede0-f158-4b39-9d6c-780d814139a3","x":2560,"y":0,"width":1920,"height":1040,"type":"monitor","focus_index":1,"children":[{"tiling_direction":"horizontal","size_percentage":1,"name":"1","id":"a3c61aeb-c242-4374-b381-de1d5d9a7841","x":2570,"y":40,"width":1900,"height":990,"type":"workspace","focus_index":0,"children":[{"floating_placement":{"left":3040,"top":15,"right":4000,"bottom":1055,"x":3040,"y":15,"width":960,"height":1040},"border_delta":{"left":0,"top":0,"right":0,"bottom":0},"handle":67376,"previous_state":"tiling","id":"9dfc90eb-1f98-47af-97e0-83ae4cac931b","x":0,"y":0,"width":0,"height":0,"type":"window","focus_index":1,"children":[]},{"floating_placement":{"left":2880,"top":175,"right":4160,"bottom":895,"x":2880,"y":175,"width":1280,"height":720},"border_delta":{"left":0,"top":0,"right":0,"bottom":0},"handle":330050,"previous_state":"tiling","id":"e827e49a-ac5a-45a8-9191-91bdf9f024f1","x":0,"y":0,"width":0,"height":0,"type":"window","focus_index":2,"children":[]},{"floating_placement":{"left":2250,"top":-131,"right":4790,"bottom":1201,"x":2250,"y":-131,"width":2540,"height":1332},"border_delta":{"left":0,"top":0,"right":0,"bottom":0},"handle":330224,"size_percentage":1,"id":"5c8cf756-d11a-4220-931f-d033641c90dd","x":2570,"y":40,"width":1900,"height":990,"type":"window","focus_index":0,"children":[]}]}]},{"device_name":"\\\\.\\DISPLAY2","id":"802c865a-235b-42a3-a2be-2b76b93b26bd","x":0,"y":0,"width":2560,"height":1390,"type":"monitor","focus_index":0,"children":[{"tiling_direction":"horizontal","size_percentage":1,"name":"2","id":"2e26a843-8b44-4afc-ac57-931efc231035","x":10,"y":48,"width":2540,"height":1332,"type":"workspace","focus_index":0,"children":[{"floating_placement":{"left":853,"top":45,"right":1707,"bottom":1384,"x":853,"y":45,"width":854,"height":1339},"border_delta":{"left":7,"top":0,"right":7,"bottom":7},"handle":264636,"previous_state":"tiling","id":"90d43a8e-7f67-4aa2-a70c-960a2e882c3b","x":0,"y":0,"width":0,"height":0,"type":"window","focus_index":3,"children":[]},{"floating_placement":{"left":3,"top":45,"right":2557,"bottom":1384,"x":3,"y":45,"width":2554,"height":1339},"border_delta":{"left":7,"top":0,"right":7,"bottom":7},"handle":67806,"size_percentage":0.5,"id":"54fa3c93-f1c1-4b62-8d83-82ca76058604","x":10,"y":48,"width":1265,"height":1332,"type":"window","focus_index":0,"children":[]},{"floating_placement":{"left":1040,"top":216,"right":1521,"bottom":1213,"x":1040,"y":216,"width":481,"height":997},"border_delta":{"left":7,"top":0,"right":7,"bottom":7},"handle":591582,"size_percentage":0.5,"id":"bc8eb03e-821f-4ad9-9d29-e1f126b94064","x":1285,"y":48,"width":1265,"height":1332,"type":"window","focus_index":1,"children":[]},{"id":"40f345aa-13c4-4b3d-919b-ab809b29a177","x":0,"y":0,"width":0,"height":0,"type":"window","focus_index":2,"children":[]}]}]}]}

3/22/2024 5:19:41 AM
GlazeWM.Infrastructure.Exceptions.FatalUserException: Failed to parse user config. (Line: 97, Col: 4, Idx: 2679) - (Line: 97, Col: 4, Idx: 2679): While parsing a block collection, did not find expected '-' indicator.
   at GlazeWM.Domain.UserConfigs.CommandHandlers.EvaluateUserConfigHandler.DeserializeUserConfig(String userConfigPath) in D:\a\glazewm\glazewm\GlazeWM.Domain\UserConfigs\CommandHandlers\EvaluateUserConfigHandler.cs:line 109
   at GlazeWM.Domain.UserConfigs.CommandHandlers.EvaluateUserConfigHandler.Handle(EvaluateUserConfigCommand command) in D:\a\glazewm\glazewm\GlazeWM.Domain\UserConfigs\CommandHandlers\EvaluateUserConfigHandler.cs:line 49
   at GlazeWM.Infrastructure.Bussing.Bus.Invoke[T](T command) in D:\a\glazewm\glazewm\GlazeWM.Infrastructure\Bussing\Bus.cs:line 41
   at GlazeWM.Domain.Common.CommandHandlers.PopulateInitialStateHandler.Handle(PopulateInitialStateCommand command) in D:\a\glazewm\glazewm\GlazeWM.Domain\Common\CommandHandlers\PopulateInitialStateHandler.cs:line 41
   at GlazeWM.Infrastructure.Bussing.Bus.Invoke[T](T command) in D:\a\glazewm\glazewm\GlazeWM.Infrastructure\Bussing\Bus.cs:line 41
   at GlazeWM.App.WindowManager.WmStartup.Run()
Command history: HandleFatalExceptionCommand, EvaluateUserConfigCommand, PopulateInitialStateCommand 
State dump: {"id":"c6926213-d404-4441-bbe5-8fd285df011a","x":0,"y":0,"width":0,"height":0,"type":"root","focus_index":0,"children":[]}

3/22/2024 5:59:57 AM
GlazeWM.Infrastructure.Exceptions.FatalUserException: Failed to parse user config. Invalid command 'focus workspace 5'.
   at GlazeWM.Domain.UserConfigs.CommandHandlers.EvaluateUserConfigHandler.ValidateDeserializedConfig(UserConfig deserializedConfig) in D:\a\glazewm\glazewm\GlazeWM.Domain\UserConfigs\CommandHandlers\EvaluateUserConfigHandler.cs:line 209
   at GlazeWM.Domain.UserConfigs.CommandHandlers.EvaluateUserConfigHandler.Handle(EvaluateUserConfigCommand command) in D:\a\glazewm\glazewm\GlazeWM.Domain\UserConfigs\CommandHandlers\EvaluateUserConfigHandler.cs:line 58
   at GlazeWM.Infrastructure.Bussing.Bus.Invoke[T](T command) in D:\a\glazewm\glazewm\GlazeWM.Infrastructure\Bussing\Bus.cs:line 41
   at GlazeWM.Domain.Common.CommandHandlers.PopulateInitialStateHandler.Handle(PopulateInitialStateCommand command) in D:\a\glazewm\glazewm\GlazeWM.Domain\Common\CommandHandlers\PopulateInitialStateHandler.cs:line 41
   at GlazeWM.Infrastructure.Bussing.Bus.Invoke[T](T command) in D:\a\glazewm\glazewm\GlazeWM.Infrastructure\Bussing\Bus.cs:line 41
   at GlazeWM.App.WindowManager.WmStartup.Run()
Command history: HandleFatalExceptionCommand, EvaluateUserConfigCommand, PopulateInitialStateCommand 
State dump: {"id":"99d9bea1-a5e1-4ed9-bfc5-5277f56de07c","x":0,"y":0,"width":0,"height":0,"type":"root","focus_index":0,"children":[]}

